<html>
<body>
<pre>
<h1>µVision Build Log</h1>
<h2>Tool Versions:</h2>
IDE-Version: ¦ÌVision V5.38.0.0
Copyright (C) 2022 ARM Ltd and ARM Germany GmbH. All rights reserved.
License Information: lj Administrator, JK, LIC=WHYH9-4ZW6G-TG17T-R739D-ZWPZ5-PK2TP
 
Tool Versions:
Toolchain:       MDK-ARM Plus  Version: 5.38.0.0
Toolchain Path:  C:\Keil_v5\ARM\ARMCC\Bin
C Compiler:      Armcc.exe V5.06 update 4 (build 422)
Assembler:       Armasm.exe V5.06 update 4 (build 422)
Linker/Locator:  ArmLink.exe V5.06 update 4 (build 422)
Library Manager: ArmAr.exe V5.06 update 4 (build 422)
Hex Converter:   FromElf.exe V5.06 update 4 (build 422)
CPU DLL:         SARMCM3.DLL V5.38.0.0
Dialog DLL:      DCM.DLL V1.17.5.0
Target DLL:      Segger\JL2CM3.dll V2.99.42.0
Dialog DLL:      TCM.DLL V1.56.4.0
 
<h2>Project:</h2>
H:\JK500C\Project\RVMDK£¨uv5£©\BF-F429.uvprojx
Project File Date:  05/30/2023

<h2>Output:</h2>
*** Using Compiler 'V5.06 update 4 (build 422)', folder: 'C:\Keil_v5\ARM\ARMCC\Bin'
Build target 'LCD'
compiling main.c...
..\..\User\main.c(300): warning:  #177-D: variable "buf"  was declared but never referenced
  	uint8_t  buf[0x40];
..\..\User\main.c(302): warning:  #177-D: variable "test"  was declared but never referenced
  	u8 test[9] = {0X01,0X03,0X02,0X58,0X00,0X01,0X02,0X00,0X05};
..\..\User\main.c(304): warning:  #177-D: variable "reqtempcount"  was declared but never referenced
  	static u8 reqtempcount;
..\..\User\main.c(308): warning:  #177-D: variable "sendcount"  was declared but never referenced
  	static u16 sendcount;
..\..\User\main.c(689): warning:  #177-D: variable "ucTemp"  was declared but never referenced
  	static uint8_t ucTemp;
..\..\User\main.c(690): warning:  #177-D: variable "Total_Len"  was declared but never referenced
  	static u8 Total_Len = 0;
..\..\User\main.c(691): warning:  #177-D: variable "uinitflag"  was declared but never referenced
  	static u8 uinitflag = 0;
..\..\User\main.c(696): warning:  #177-D: variable "hisconv"  was declared but never referenced
  	static u16 hisconv;
..\..\User\main.c(697): warning:  #177-D: variable "corconv"  was declared but never referenced
  	static u16 corconv;
..\..\User\main.c(701): warning:  #177-D: variable "usave"  was declared but never referenced
  	static u8 usave;
..\..\User\main.c(3660): error:  #268: declaration may not appear after executable statement in block
  					RTC_DateTypeDef RTC_DateStructure;
..\..\User\main.c(3661): error:  #268: declaration may not appear after executable statement in block
  					RTC_TimeTypeDef RTC_TimeStructure;
..\..\User\main.c(3941): error:  #268: declaration may not appear after executable statement in block
  	static u8 offflag;
..\..\User\main.c: 10 warnings, 3 errors
compiling bsp_key.c...
..\..\User\key\bsp_key.c(1575): error:  #268: declaration may not appear after executable statement in block
  	char timetemp[100];
..\..\User\key\bsp_key.c(1569): warning:  #177-D: variable "ymd"  was declared but never referenced
  	u32 ymd;
..\..\User\key\bsp_key.c(1570): warning:  #177-D: variable "y3"  was declared but never referenced
  	u8 y1,y2,y3,m1,d1;
..\..\User\key\bsp_key.c(1575): warning:  #177-D: variable "timetemp"  was declared but never referenced
  	char timetemp[100];
..\..\User\key\bsp_key.c(4075): warning:  #223-D: function "TP_Adjust" declared implicitly
  				TP_Adjust();
..\..\User\key\bsp_key.c(4167): warning:  #223-D: function "Draw_His_Graph" declared implicitly
  				Draw_His_Graph();
..\..\User\key\bsp_key.c(4616): warning:  #223-D: function "Draw_His_Graph" declared implicitly
  				Draw_His_Graph();
..\..\User\key\bsp_key.c(4629): warning:  #177-D: variable "i"  was declared but never referenced
  	static u16 i;
..\..\User\key\bsp_key.c(8799): warning:  #223-D: function "page_factory" declared implicitly
  				page_factory();
..\..\User\key\bsp_key.c(14802): warning:  #223-D: function "Draw_His_Graph" declared implicitly
  				Draw_His_Graph();
..\..\User\key\bsp_key.c(15981): warning:  #223-D: function "Draw_His_Graph" declared implicitly
  				Draw_His_Graph();
..\..\User\key\bsp_key.c(15989): warning:  #177-D: variable "i"  was declared but never referenced
  	u8 i;
..\..\User\key\bsp_key.c(16595): warning:  #223-D: function "page_factory" declared implicitly
  			page_factory();
..\..\User\key\bsp_key.c(16599): warning:  #223-D: function "TP_Adjust" declared implicitly
  			TP_Adjust();
..\..\User\key\bsp_key.c(16629): warning:  #167-D: argument of type "u8 *" is incompatible with parameter of type "const char *restrict"
  		strcpy((char *)TarName,filename);
..\..\User\key\bsp_key.c(16721): warning:  #167-D: argument of type "u8 *" is incompatible with parameter of type "const char *restrict"
  	strcpy((char *)TarName,filename);
..\..\User\key\bsp_key.c(16734): warning:  #167-D: argument of type "u8 *" is incompatible with parameter of type "char *restrict"
  	sprintf(buf, "\n%d\t20%02d-%02d-%02d\t%02d:%02d:%02d"
..\..\User\key\bsp_key.c(16753): warning:  #167-D: argument of type "u8 *" is incompatible with parameter of type "char *restrict"
  			strcpy(buf,"\tN/A");
..\..\User\key\bsp_key.c(16755): warning:  #167-D: argument of type "u8 *" is incompatible with parameter of type "char *restrict"
  			sprintf(buf,"\t%.1f",ch_temp[i]);
..\..\User\key\bsp_key.c: 18 warnings, 1 error
"..\..\Output\LCD.axf" - 4 Error(s), 28 Warning(s).

<h2>Software Packages used:</h2>

Package Vendor: Keil
                https://www.keil.com/pack/Keil.STM32F4xx_DFP.2.17.0.pack
                Keil.STM32F4xx_DFP.2.17.0
                STMicroelectronics STM32F4 Series Device Support, Drivers and Examples

<h2>Collection of Component include folders:</h2>
  C:/Keil_v5/ARM/PACK/Keil/STM32F4xx_DFP/2.17.0/Drivers/CMSIS/Device/ST/STM32F4xx/Include

<h2>Collection of Component Files used:</h2>
Target not created.
Build Time Elapsed:  00:00:02
</pre>
</body>
</html>
